[2024-11-25 19:30:10,885][flwr][WARNING] - DEPRECATED FEATURE: flwr.simulation.start_simulation() is deprecated.
	Instead, use the `flwr run` CLI command to start a local simulation in your Flower app, as shown for example below:

		$ flwr new  # Create a new Flower app from a template

		$ flwr run  # Run the Flower app in Simulation Mode

	Using `start_simulation()` is deprecated.

            This is a deprecated feature. It will be removed
            entirely in future versions of Flower.
        
[2024-11-25 19:30:10,886][flwr][INFO] - Starting Flower simulation, config: num_rounds=10, no round_timeout
[2024-11-25 19:30:17,300][flwr][INFO] - Flower VCE: Ray initialized with resources: {'object_store_memory': 1443776102.0, 'node:127.0.0.1': 1.0, 'memory': 2887552206.0, 'node:__internal_head__': 1.0, 'GPU': 1.0, 'CPU': 16.0, 'accelerator_type:G': 1.0}
[2024-11-25 19:30:17,301][flwr][INFO] - Optimize your simulation with Flower VCE: https://flower.ai/docs/framework/how-to-run-simulations.html
[2024-11-25 19:30:17,301][flwr][INFO] - Flower VCE: Resources for each Virtual Client: {'num_cpus': 2, 'num_gpus': 0.0}
[2024-11-25 19:30:17,312][flwr][INFO] - Flower VCE: Creating VirtualClientEngineActorPool with 8 actors
[2024-11-25 19:30:17,313][flwr][INFO] - [INIT]
[2024-11-25 19:30:17,313][flwr][INFO] - Requesting initial parameters from one random client
[2024-11-25 19:30:22,516][flwr][INFO] - Received initial parameters from one random client
[2024-11-25 19:30:22,517][flwr][INFO] - Starting evaluation of initial global parameters
[2024-11-25 19:30:24,332][flwr][INFO] - initial parameters (loss, other metrics): 181.97683262825012, {'accuracy': 0.0962}
[2024-11-25 19:30:24,333][flwr][INFO] - 
[2024-11-25 19:30:24,333][flwr][INFO] - [ROUND 1]
[2024-11-25 19:30:24,333][flwr][INFO] - configure_fit: strategy sampled 10 clients (out of 100)
[2024-11-25 19:30:47,353][flwr][INFO] - aggregate_fit: received 10 results and 0 failures
[2024-11-25 19:30:47,364][flwr][WARNING] - No fit_metrics_aggregation_fn provided
[2024-11-25 19:30:49,175][flwr][INFO] - fit progress: (1, 174.53888130187988, {'accuracy': 0.4019}, 24.842904000001)
[2024-11-25 19:30:49,177][flwr][INFO] - configure_evaluate: strategy sampled 25 clients (out of 100)
[2024-11-25 19:31:26,601][flwr][INFO] - aggregate_evaluate: received 25 results and 0 failures
[2024-11-25 19:31:26,601][flwr][WARNING] - No evaluate_metrics_aggregation_fn provided
[2024-11-25 19:31:26,602][flwr][INFO] - 
[2024-11-25 19:31:26,602][flwr][INFO] - [ROUND 2]
[2024-11-25 19:31:26,602][flwr][INFO] - configure_fit: strategy sampled 10 clients (out of 100)
[2024-11-25 19:31:43,568][flwr][INFO] - aggregate_fit: received 10 results and 0 failures
[2024-11-25 19:31:45,377][flwr][INFO] - fit progress: (2, 94.82310152053833, {'accuracy': 0.6463}, 81.04391159999977)
[2024-11-25 19:31:45,378][flwr][INFO] - configure_evaluate: strategy sampled 25 clients (out of 100)
[2024-11-25 19:32:20,673][flwr][INFO] - aggregate_evaluate: received 25 results and 0 failures
[2024-11-25 19:32:20,673][flwr][INFO] - 
[2024-11-25 19:32:20,674][flwr][INFO] - [ROUND 3]
[2024-11-25 19:32:20,674][flwr][INFO] - configure_fit: strategy sampled 10 clients (out of 100)
[2024-11-25 19:32:37,499][flwr][INFO] - aggregate_fit: received 10 results and 0 failures
[2024-11-25 19:32:39,394][flwr][INFO] - fit progress: (3, 55.877999633550644, {'accuracy': 0.7785}, 135.06130450000092)
[2024-11-25 19:32:39,395][flwr][INFO] - configure_evaluate: strategy sampled 25 clients (out of 100)
[2024-11-25 19:33:20,341][flwr][INFO] - aggregate_evaluate: received 25 results and 0 failures
[2024-11-25 19:33:20,342][flwr][INFO] - 
[2024-11-25 19:33:20,342][flwr][INFO] - [ROUND 4]
[2024-11-25 19:33:20,342][flwr][INFO] - configure_fit: strategy sampled 10 clients (out of 100)
[2024-11-25 19:33:38,116][flwr][INFO] - aggregate_fit: received 10 results and 0 failures
[2024-11-25 19:33:40,003][flwr][INFO] - fit progress: (4, 43.71900747716427, {'accuracy': 0.8446}, 195.67026120000082)
[2024-11-25 19:33:40,004][flwr][INFO] - configure_evaluate: strategy sampled 25 clients (out of 100)
[2024-11-25 19:34:18,252][flwr][INFO] - aggregate_evaluate: received 25 results and 0 failures
[2024-11-25 19:34:18,253][flwr][INFO] - 
[2024-11-25 19:34:18,253][flwr][INFO] - [ROUND 5]
[2024-11-25 19:34:18,253][flwr][INFO] - configure_fit: strategy sampled 10 clients (out of 100)
[2024-11-25 19:34:35,730][flwr][INFO] - aggregate_fit: received 10 results and 0 failures
[2024-11-25 19:34:37,595][flwr][INFO] - fit progress: (5, 32.87585940212011, {'accuracy': 0.8835}, 253.2624444000012)
[2024-11-25 19:34:37,596][flwr][INFO] - configure_evaluate: strategy sampled 25 clients (out of 100)
[2024-11-25 19:35:15,669][flwr][INFO] - aggregate_evaluate: received 25 results and 0 failures
[2024-11-25 19:35:15,670][flwr][INFO] - 
[2024-11-25 19:35:15,670][flwr][INFO] - [ROUND 6]
[2024-11-25 19:35:15,670][flwr][INFO] - configure_fit: strategy sampled 10 clients (out of 100)
[2024-11-25 19:35:32,912][flwr][INFO] - aggregate_fit: received 10 results and 0 failures
[2024-11-25 19:35:34,771][flwr][INFO] - fit progress: (6, 27.283261470496655, {'accuracy': 0.8965}, 310.43779670000004)
[2024-11-25 19:35:34,771][flwr][INFO] - configure_evaluate: strategy sampled 25 clients (out of 100)
[2024-11-25 19:36:11,789][flwr][INFO] - aggregate_evaluate: received 25 results and 0 failures
[2024-11-25 19:36:11,790][flwr][INFO] - 
[2024-11-25 19:36:11,790][flwr][INFO] - [ROUND 7]
[2024-11-25 19:36:11,790][flwr][INFO] - configure_fit: strategy sampled 10 clients (out of 100)
[2024-11-25 19:36:28,417][flwr][INFO] - aggregate_fit: received 10 results and 0 failures
[2024-11-25 19:36:30,225][flwr][INFO] - fit progress: (7, 20.387710694223642, {'accuracy': 0.9205}, 365.8921577000001)
[2024-11-25 19:36:30,226][flwr][INFO] - configure_evaluate: strategy sampled 25 clients (out of 100)
[2024-11-25 19:37:06,234][flwr][INFO] - aggregate_evaluate: received 25 results and 0 failures
[2024-11-25 19:37:06,234][flwr][INFO] - 
[2024-11-25 19:37:06,234][flwr][INFO] - [ROUND 8]
[2024-11-25 19:37:06,234][flwr][INFO] - configure_fit: strategy sampled 10 clients (out of 100)
[2024-11-25 19:37:22,780][flwr][INFO] - aggregate_fit: received 10 results and 0 failures
[2024-11-25 19:37:24,577][flwr][INFO] - fit progress: (8, 17.499040668830276, {'accuracy': 0.9323}, 420.24533500000143)
[2024-11-25 19:37:24,579][flwr][INFO] - configure_evaluate: strategy sampled 25 clients (out of 100)
[2024-11-25 19:38:00,948][flwr][INFO] - aggregate_evaluate: received 25 results and 0 failures
[2024-11-25 19:38:00,949][flwr][INFO] - 
[2024-11-25 19:38:00,949][flwr][INFO] - [ROUND 9]
[2024-11-25 19:38:00,949][flwr][INFO] - configure_fit: strategy sampled 10 clients (out of 100)
[2024-11-25 19:38:17,496][flwr][INFO] - aggregate_fit: received 10 results and 0 failures
[2024-11-25 19:38:19,377][flwr][INFO] - fit progress: (9, 15.251975808292627, {'accuracy': 0.9389}, 475.0432040000014)
[2024-11-25 19:38:19,377][flwr][INFO] - configure_evaluate: strategy sampled 25 clients (out of 100)
[2024-11-25 19:38:55,150][flwr][INFO] - aggregate_evaluate: received 25 results and 0 failures
[2024-11-25 19:38:55,150][flwr][INFO] - 
[2024-11-25 19:38:55,150][flwr][INFO] - [ROUND 10]
[2024-11-25 19:38:55,151][flwr][INFO] - configure_fit: strategy sampled 10 clients (out of 100)
[2024-11-25 19:39:11,761][flwr][INFO] - aggregate_fit: received 10 results and 0 failures
[2024-11-25 19:39:13,558][flwr][INFO] - fit progress: (10, 14.1377067361027, {'accuracy': 0.9439}, 529.2247389000004)
[2024-11-25 19:39:13,558][flwr][INFO] - configure_evaluate: strategy sampled 25 clients (out of 100)
[2024-11-25 19:39:49,860][flwr][INFO] - aggregate_evaluate: received 25 results and 0 failures
[2024-11-25 19:39:49,860][flwr][INFO] - 
[2024-11-25 19:39:49,860][flwr][INFO] - [SUMMARY]
[2024-11-25 19:39:49,860][flwr][INFO] - Run finished 10 round(s) in 565.53s
[2024-11-25 19:39:49,861][flwr][INFO] - 	History (loss, distributed):
[2024-11-25 19:39:49,861][flwr][INFO] - 		round 1: 6.63412504196167
[2024-11-25 19:39:49,861][flwr][INFO] - 		round 2: 3.6853342056274414
[2024-11-25 19:39:49,861][flwr][INFO] - 		round 3: 2.346741375923157
[2024-11-25 19:39:49,861][flwr][INFO] - 		round 4: 1.7533334290981293
[2024-11-25 19:39:49,863][flwr][INFO] - 		round 5: 1.2729409939050675
[2024-11-25 19:39:49,863][flwr][INFO] - 		round 6: 1.1565476042032241
[2024-11-25 19:39:49,863][flwr][INFO] - 		round 7: 0.8711601132154465
[2024-11-25 19:39:49,863][flwr][INFO] - 		round 8: 0.6395836196839809
[2024-11-25 19:39:49,863][flwr][INFO] - 		round 9: 0.6771293035149575
[2024-11-25 19:39:49,863][flwr][INFO] - 		round 10: 0.596453736871481
[2024-11-25 19:39:49,864][flwr][INFO] - 	History (loss, centralized):
[2024-11-25 19:39:49,864][flwr][INFO] - 		round 0: 181.97683262825012
[2024-11-25 19:39:49,864][flwr][INFO] - 		round 1: 174.53888130187988
[2024-11-25 19:39:49,864][flwr][INFO] - 		round 2: 94.82310152053833
[2024-11-25 19:39:49,864][flwr][INFO] - 		round 3: 55.877999633550644
[2024-11-25 19:39:49,865][flwr][INFO] - 		round 4: 43.71900747716427
[2024-11-25 19:39:49,865][flwr][INFO] - 		round 5: 32.87585940212011
[2024-11-25 19:39:49,865][flwr][INFO] - 		round 6: 27.283261470496655
[2024-11-25 19:39:49,865][flwr][INFO] - 		round 7: 20.387710694223642
[2024-11-25 19:39:49,865][flwr][INFO] - 		round 8: 17.499040668830276
[2024-11-25 19:39:49,866][flwr][INFO] - 		round 9: 15.251975808292627
[2024-11-25 19:39:49,866][flwr][INFO] - 		round 10: 14.1377067361027
[2024-11-25 19:39:49,866][flwr][INFO] - 	History (metrics, centralized):
[2024-11-25 19:39:49,866][flwr][INFO] - 	{'accuracy': [(0, 0.0962),
[2024-11-25 19:39:49,866][flwr][INFO] - 	              (1, 0.4019),
[2024-11-25 19:39:49,867][flwr][INFO] - 	              (2, 0.6463),
[2024-11-25 19:39:49,867][flwr][INFO] - 	              (3, 0.7785),
[2024-11-25 19:39:49,867][flwr][INFO] - 	              (4, 0.8446),
[2024-11-25 19:39:49,867][flwr][INFO] - 	              (5, 0.8835),
[2024-11-25 19:39:49,867][flwr][INFO] - 	              (6, 0.8965),
[2024-11-25 19:39:49,868][flwr][INFO] - 	              (7, 0.9205),
[2024-11-25 19:39:49,868][flwr][INFO] - 	              (8, 0.9323),
[2024-11-25 19:39:49,868][flwr][INFO] - 	              (9, 0.9389),
[2024-11-25 19:39:49,868][flwr][INFO] - 	              (10, 0.9439)]}
[2024-11-25 19:39:49,868][flwr][INFO] - 
