[2024-11-27 01:19:20,113][flwr][WARNING] - DEPRECATED FEATURE: flwr.simulation.start_simulation() is deprecated.
	Instead, use the `flwr run` CLI command to start a local simulation in your Flower app, as shown for example below:

		$ flwr new  # Create a new Flower app from a template

		$ flwr run  # Run the Flower app in Simulation Mode

	Using `start_simulation()` is deprecated.

            This is a deprecated feature. It will be removed
            entirely in future versions of Flower.
        
[2024-11-27 01:19:20,115][flwr][INFO] - Starting Flower simulation, config: num_rounds=10, no round_timeout
[2024-11-27 01:19:26,499][flwr][INFO] - Flower VCE: Ray initialized with resources: {'memory': 3767658087.0, 'node:127.0.0.1': 1.0, 'object_store_memory': 1883829043.0, 'node:__internal_head__': 1.0, 'accelerator_type:G': 1.0, 'CPU': 16.0, 'GPU': 1.0}
[2024-11-27 01:19:26,501][flwr][INFO] - Optimize your simulation with Flower VCE: https://flower.ai/docs/framework/how-to-run-simulations.html
[2024-11-27 01:19:26,501][flwr][INFO] - Flower VCE: Resources for each Virtual Client: {'num_cpus': 2, 'num_gpus': 1.0}
[2024-11-27 01:19:26,510][flwr][INFO] - Flower VCE: Creating VirtualClientEngineActorPool with 1 actors
[2024-11-27 01:19:26,511][flwr][INFO] - [INIT]
[2024-11-27 01:19:26,511][flwr][INFO] - Requesting initial parameters from one random client
[2024-11-27 01:19:30,850][flwr][INFO] - Received initial parameters from one random client
[2024-11-27 01:19:30,850][flwr][INFO] - Starting evaluation of initial global parameters
[2024-11-27 01:19:32,624][flwr][INFO] - initial parameters (loss, other metrics): 181.95376992225647, {'accuracy': 0.0992}
[2024-11-27 01:19:32,625][flwr][INFO] - 
[2024-11-27 01:19:32,625][flwr][INFO] - [ROUND 1]
[2024-11-27 01:19:32,625][flwr][INFO] - configure_fit: strategy sampled 10 clients (out of 100)
[2024-11-27 01:20:19,579][flwr][INFO] - aggregate_fit: received 10 results and 0 failures
[2024-11-27 01:20:19,588][flwr][WARNING] - No fit_metrics_aggregation_fn provided
[2024-11-27 01:20:21,298][flwr][INFO] - fit progress: (1, 180.22230100631714, {'accuracy': 0.1211}, 48.67229380000208)
[2024-11-27 01:20:21,298][flwr][INFO] - configure_evaluate: strategy sampled 25 clients (out of 100)
[2024-11-27 01:22:13,815][flwr][INFO] - aggregate_evaluate: received 25 results and 0 failures
[2024-11-27 01:22:13,815][flwr][WARNING] - No evaluate_metrics_aggregation_fn provided
[2024-11-27 01:22:13,817][flwr][INFO] - 
[2024-11-27 01:22:13,817][flwr][INFO] - [ROUND 2]
[2024-11-27 01:22:13,817][flwr][INFO] - configure_fit: strategy sampled 10 clients (out of 100)
[2024-11-27 01:22:59,402][flwr][INFO] - aggregate_fit: received 10 results and 0 failures
[2024-11-27 01:23:01,146][flwr][INFO] - fit progress: (2, 174.95903968811035, {'accuracy': 0.3382}, 208.52065630001016)
[2024-11-27 01:23:01,146][flwr][INFO] - configure_evaluate: strategy sampled 25 clients (out of 100)
[2024-11-27 01:24:55,143][flwr][INFO] - aggregate_evaluate: received 25 results and 0 failures
[2024-11-27 01:24:55,144][flwr][INFO] - 
[2024-11-27 01:24:55,144][flwr][INFO] - [ROUND 3]
[2024-11-27 01:24:55,144][flwr][INFO] - configure_fit: strategy sampled 10 clients (out of 100)
[2024-11-27 01:25:52,251][flwr][INFO] - aggregate_fit: received 10 results and 0 failures
[2024-11-27 01:25:54,138][flwr][INFO] - fit progress: (3, 109.75230848789215, {'accuracy': 0.6579}, 381.5137118999992)
[2024-11-27 01:25:54,139][flwr][INFO] - configure_evaluate: strategy sampled 25 clients (out of 100)
[2024-11-27 01:27:56,054][flwr][INFO] - aggregate_evaluate: received 25 results and 0 failures
[2024-11-27 01:27:56,054][flwr][INFO] - 
[2024-11-27 01:27:56,055][flwr][INFO] - [ROUND 4]
[2024-11-27 01:27:56,055][flwr][INFO] - configure_fit: strategy sampled 10 clients (out of 100)
[2024-11-27 01:28:45,357][flwr][INFO] - aggregate_fit: received 10 results and 0 failures
[2024-11-27 01:28:47,208][flwr][INFO] - fit progress: (4, 52.6996773481369, {'accuracy': 0.7929}, 554.5830125000066)
[2024-11-27 01:28:47,209][flwr][INFO] - configure_evaluate: strategy sampled 25 clients (out of 100)
[2024-11-27 01:30:40,047][flwr][INFO] - aggregate_evaluate: received 25 results and 0 failures
[2024-11-27 01:30:40,047][flwr][INFO] - 
[2024-11-27 01:30:40,047][flwr][INFO] - [ROUND 5]
[2024-11-27 01:30:40,048][flwr][INFO] - configure_fit: strategy sampled 10 clients (out of 100)
[2024-11-27 01:31:26,351][flwr][INFO] - aggregate_fit: received 10 results and 0 failures
[2024-11-27 01:31:28,079][flwr][INFO] - fit progress: (5, 46.23334389925003, {'accuracy': 0.8161}, 715.4539002000092)
[2024-11-27 01:31:28,080][flwr][INFO] - configure_evaluate: strategy sampled 25 clients (out of 100)
[2024-11-27 01:33:22,932][flwr][INFO] - aggregate_evaluate: received 25 results and 0 failures
[2024-11-27 01:33:22,933][flwr][INFO] - 
[2024-11-27 01:33:22,933][flwr][INFO] - [ROUND 6]
[2024-11-27 01:33:22,933][flwr][INFO] - configure_fit: strategy sampled 10 clients (out of 100)
[2024-11-27 01:34:08,354][flwr][INFO] - aggregate_fit: received 10 results and 0 failures
[2024-11-27 01:34:10,061][flwr][INFO] - fit progress: (6, 35.35087947547436, {'accuracy': 0.8693}, 877.4358279000007)
[2024-11-27 01:34:10,061][flwr][INFO] - configure_evaluate: strategy sampled 25 clients (out of 100)
[2024-11-27 01:36:01,591][flwr][INFO] - aggregate_evaluate: received 25 results and 0 failures
[2024-11-27 01:36:01,592][flwr][INFO] - 
[2024-11-27 01:36:01,592][flwr][INFO] - [ROUND 7]
[2024-11-27 01:36:01,592][flwr][INFO] - configure_fit: strategy sampled 10 clients (out of 100)
[2024-11-27 01:36:46,935][flwr][INFO] - aggregate_fit: received 10 results and 0 failures
[2024-11-27 01:36:48,653][flwr][INFO] - fit progress: (7, 25.42624817043543, {'accuracy': 0.9082}, 1036.028678200004)
[2024-11-27 01:36:48,654][flwr][INFO] - configure_evaluate: strategy sampled 25 clients (out of 100)
[2024-11-27 01:38:40,233][flwr][INFO] - aggregate_evaluate: received 25 results and 0 failures
[2024-11-27 01:38:40,233][flwr][INFO] - 
[2024-11-27 01:38:40,233][flwr][INFO] - [ROUND 8]
[2024-11-27 01:38:40,234][flwr][INFO] - configure_fit: strategy sampled 10 clients (out of 100)
[2024-11-27 01:39:25,651][flwr][INFO] - aggregate_fit: received 10 results and 0 failures
[2024-11-27 01:39:27,372][flwr][INFO] - fit progress: (8, 19.618463918566704, {'accuracy': 0.9241}, 1194.7462981999997)
[2024-11-27 01:39:27,372][flwr][INFO] - configure_evaluate: strategy sampled 25 clients (out of 100)
[2024-11-27 01:41:20,735][flwr][INFO] - aggregate_evaluate: received 25 results and 0 failures
[2024-11-27 01:41:20,735][flwr][INFO] - 
[2024-11-27 01:41:20,735][flwr][INFO] - [ROUND 9]
[2024-11-27 01:41:20,735][flwr][INFO] - configure_fit: strategy sampled 10 clients (out of 100)
[2024-11-27 01:42:06,150][flwr][INFO] - aggregate_fit: received 10 results and 0 failures
[2024-11-27 01:42:07,882][flwr][INFO] - fit progress: (9, 17.44831405952573, {'accuracy': 0.9353}, 1355.2576821000112)
[2024-11-27 01:42:07,883][flwr][INFO] - configure_evaluate: strategy sampled 25 clients (out of 100)
[2024-11-27 01:43:58,979][flwr][INFO] - aggregate_evaluate: received 25 results and 0 failures
[2024-11-27 01:43:58,979][flwr][INFO] - 
[2024-11-27 01:43:58,979][flwr][INFO] - [ROUND 10]
[2024-11-27 01:43:58,979][flwr][INFO] - configure_fit: strategy sampled 10 clients (out of 100)
[2024-11-27 01:44:44,139][flwr][INFO] - aggregate_fit: received 10 results and 0 failures
[2024-11-27 01:44:45,847][flwr][INFO] - fit progress: (10, 14.870356398634613, {'accuracy': 0.9433}, 1513.2217283000064)
[2024-11-27 01:44:45,847][flwr][INFO] - configure_evaluate: strategy sampled 25 clients (out of 100)
[2024-11-27 01:46:36,854][flwr][INFO] - aggregate_evaluate: received 25 results and 0 failures
[2024-11-27 01:46:36,854][flwr][INFO] - 
[2024-11-27 01:46:36,854][flwr][INFO] - [SUMMARY]
[2024-11-27 01:46:36,855][flwr][INFO] - Run finished 10 round(s) in 1624.23s
[2024-11-27 01:46:36,855][flwr][INFO] - 	History (loss, distributed):
[2024-11-27 01:46:36,855][flwr][INFO] - 		round 1: 6.84984580039978
[2024-11-27 01:46:36,855][flwr][INFO] - 		round 2: 6.661090202331543
[2024-11-27 01:46:36,856][flwr][INFO] - 		round 3: 4.342484807968139
[2024-11-27 01:46:36,856][flwr][INFO] - 		round 4: 2.2260805583000183
[2024-11-27 01:46:36,856][flwr][INFO] - 		round 5: 1.8566554856300355
[2024-11-27 01:46:36,856][flwr][INFO] - 		round 6: 1.5347446078062057
[2024-11-27 01:46:36,856][flwr][INFO] - 		round 7: 1.076687227189541
[2024-11-27 01:46:36,856][flwr][INFO] - 		round 8: 0.8777686510980129
[2024-11-27 01:46:36,858][flwr][INFO] - 		round 9: 0.6828095564246177
[2024-11-27 01:46:36,858][flwr][INFO] - 		round 10: 0.6018204353004694
[2024-11-27 01:46:36,858][flwr][INFO] - 	History (loss, centralized):
[2024-11-27 01:46:36,858][flwr][INFO] - 		round 0: 181.95376992225647
[2024-11-27 01:46:36,858][flwr][INFO] - 		round 1: 180.22230100631714
[2024-11-27 01:46:36,858][flwr][INFO] - 		round 2: 174.95903968811035
[2024-11-27 01:46:36,859][flwr][INFO] - 		round 3: 109.75230848789215
[2024-11-27 01:46:36,859][flwr][INFO] - 		round 4: 52.6996773481369
[2024-11-27 01:46:36,859][flwr][INFO] - 		round 5: 46.23334389925003
[2024-11-27 01:46:36,859][flwr][INFO] - 		round 6: 35.35087947547436
[2024-11-27 01:46:36,859][flwr][INFO] - 		round 7: 25.42624817043543
[2024-11-27 01:46:36,859][flwr][INFO] - 		round 8: 19.618463918566704
[2024-11-27 01:46:36,860][flwr][INFO] - 		round 9: 17.44831405952573
[2024-11-27 01:46:36,860][flwr][INFO] - 		round 10: 14.870356398634613
[2024-11-27 01:46:36,860][flwr][INFO] - 	History (metrics, centralized):
[2024-11-27 01:46:36,860][flwr][INFO] - 	{'accuracy': [(0, 0.0992),
[2024-11-27 01:46:36,860][flwr][INFO] - 	              (1, 0.1211),
[2024-11-27 01:46:36,860][flwr][INFO] - 	              (2, 0.3382),
[2024-11-27 01:46:36,861][flwr][INFO] - 	              (3, 0.6579),
[2024-11-27 01:46:36,861][flwr][INFO] - 	              (4, 0.7929),
[2024-11-27 01:46:36,861][flwr][INFO] - 	              (5, 0.8161),
[2024-11-27 01:46:36,861][flwr][INFO] - 	              (6, 0.8693),
[2024-11-27 01:46:36,861][flwr][INFO] - 	              (7, 0.9082),
[2024-11-27 01:46:36,861][flwr][INFO] - 	              (8, 0.9241),
[2024-11-27 01:46:36,862][flwr][INFO] - 	              (9, 0.9353),
[2024-11-27 01:46:36,862][flwr][INFO] - 	              (10, 0.9433)]}
[2024-11-27 01:46:36,862][flwr][INFO] - 
